<?xml version="1.0" encoding="UTF-8"?>
<testng-results ignored="0" total="4" passed="4" failed="0" skipped="0">
  <reporter-output>
  </reporter-output>
  <suite started-at="2024-09-22T23:02:09 IST" name="Default suite" finished-at="2024-09-22T23:02:54 IST" duration-ms="45267">
    <groups>
      <group name="cucumber">
        <method signature="AbstractTestNGCucumberTests.runScenario(io.cucumber.testng.PickleWrapper,io.cucumber.testng.FeatureWrapper)[pri:0, instance:Test.Runnerclass@79e4c792]" name="runScenario" class="io.cucumber.testng.AbstractTestNGCucumberTests"/>
      </group> <!-- cucumber -->
    </groups>
    <test started-at="2024-09-22T23:02:09 IST" name="Default test" finished-at="2024-09-22T23:02:54 IST" duration-ms="45267">
      <class name="Test.Runnerclass">
        <test-method is-config="true" signature="setUpClass(org.testng.ITestContext)[pri:0, instance:Test.Runnerclass@79e4c792]" started-at="2024-09-22T23:02:09 IST" name="setUpClass" finished-at="2024-09-22T23:02:11 IST" duration-ms="2034" status="PASS">
          <params>
            <param index="0">
              <value>
                <![CDATA[org.testng.TestRunner@6cd56321]]>
              </value>
            </param>
          </params>
          <reporter-output>
          </reporter-output>
        </test-method> <!-- setUpClass -->
        <test-method signature="runScenario(io.cucumber.testng.PickleWrapper,io.cucumber.testng.FeatureWrapper)[pri:0, instance:Test.Runnerclass@79e4c792]" started-at="2024-09-22T23:02:11 IST" name="runScenario" description="Runs Cucumber Scenarios" data-provider="scenarios" finished-at="2024-09-22T23:02:35 IST" duration-ms="24303" status="PASS">
          <params>
            <param index="0">
              <value>
                <![CDATA["verify add Customer"]]>
              </value>
            </param>
            <param index="1">
              <value>
                <![CDATA["verify guru99 Application webpage"]]>
              </value>
            </param>
          </params>
          <reporter-output>
          </reporter-output>
        </test-method> <!-- runScenario -->
        <test-method signature="runScenario(io.cucumber.testng.PickleWrapper,io.cucumber.testng.FeatureWrapper)[pri:0, instance:Test.Runnerclass@79e4c792]" started-at="2024-09-22T23:02:35 IST" name="runScenario" description="Runs Cucumber Scenarios" data-provider="scenarios" finished-at="2024-09-22T23:02:43 IST" duration-ms="8144" status="PASS">
          <params>
            <param index="0">
              <value>
                <![CDATA["verify Add Tariff Plan"]]>
              </value>
            </param>
            <param index="1">
              <value>
                <![CDATA["verify guru99 Application webpage"]]>
              </value>
            </param>
          </params>
          <reporter-output>
          </reporter-output>
        </test-method> <!-- runScenario -->
        <test-method signature="runScenario(io.cucumber.testng.PickleWrapper,io.cucumber.testng.FeatureWrapper)[pri:0, instance:Test.Runnerclass@79e4c792]" started-at="2024-09-22T23:02:43 IST" name="runScenario" description="Runs Cucumber Scenarios" data-provider="scenarios" finished-at="2024-09-22T23:02:49 IST" duration-ms="6023" status="PASS">
          <params>
            <param index="0">
              <value>
                <![CDATA["verify Add Tariff Plan to Customer"]]>
              </value>
            </param>
            <param index="1">
              <value>
                <![CDATA["verify guru99 Application webpage"]]>
              </value>
            </param>
          </params>
          <reporter-output>
          </reporter-output>
        </test-method> <!-- runScenario -->
        <test-method signature="runScenario(io.cucumber.testng.PickleWrapper,io.cucumber.testng.FeatureWrapper)[pri:0, instance:Test.Runnerclass@79e4c792]" started-at="2024-09-22T23:02:49 IST" name="runScenario" description="Runs Cucumber Scenarios" data-provider="scenarios" finished-at="2024-09-22T23:02:54 IST" duration-ms="4697" status="PASS">
          <params>
            <param index="0">
              <value>
                <![CDATA["verify Pay Billing"]]>
              </value>
            </param>
            <param index="1">
              <value>
                <![CDATA["verify guru99 Application webpage"]]>
              </value>
            </param>
          </params>
          <reporter-output>
          </reporter-output>
        </test-method> <!-- runScenario -->
        <test-method is-config="true" signature="tearDownClass()[pri:0, instance:Test.Runnerclass@79e4c792]" started-at="2024-09-22T23:02:54 IST" name="tearDownClass" finished-at="2024-09-22T23:02:54 IST" duration-ms="4" status="PASS">
          <reporter-output>
          </reporter-output>
        </test-method> <!-- tearDownClass -->
      </class> <!-- Test.Runnerclass -->
    </test> <!-- Default test -->
  </suite> <!-- Default suite -->
</testng-results>
